{"E:\\jenius\\jenius_rio\\src\\App.js": {"path":"E:\\jenius\\jenius_rio\\src\\App.js","statementMap":{"0":{"start":{"line":16,"column":4},"end":{"line":31,"column":5}},"1":{"start":{"line":26,"column":31},"end":{"line":26,"column":51}},"2":{"start":{"line":28,"column":31},"end":{"line":28,"column":42}}},"fnMap":{"0":{"name":"(anonymous_0)","decl":{"start":{"line":15,"column":2},"end":{"line":15,"column":3}},"loc":{"start":{"line":15,"column":11},"end":{"line":32,"column":3}},"line":15},"1":{"name":"(anonymous_1)","decl":{"start":{"line":26,"column":20},"end":{"line":26,"column":21}},"loc":{"start":{"line":26,"column":31},"end":{"line":26,"column":51}},"line":26},"2":{"name":"(anonymous_2)","decl":{"start":{"line":28,"column":25},"end":{"line":28,"column":26}},"loc":{"start":{"line":28,"column":31},"end":{"line":28,"column":42}},"line":28}},"branchMap":{},"s":{"0":0,"1":0,"2":0},"f":{"0":0,"1":0,"2":0},"b":{},"hash":"1d508086ad3429dad2a79b16e97f2465bcd9c66d"}
,"E:\\jenius\\jenius_rio\\src\\index.js": {"path":"E:\\jenius\\jenius_rio\\src\\index.js","statementMap":{"0":{"start":{"line":9,"column":35},"end":{"line":9,"column":51}},"1":{"start":{"line":10,"column":0},"end":{"line":14,"column":46}}},"fnMap":{},"branchMap":{},"s":{"0":0,"1":0},"f":{},"b":{},"hash":"c071a154ee2cf9c6ee70ff0f800ffb6bfa299246"}
,"E:\\jenius\\jenius_rio\\src\\actions\\user\\index.js": {"path":"E:\\jenius\\jenius_rio\\src\\actions\\user\\index.js","statementMap":{"0":{"start":{"line":1,"column":24},"end":{"line":6,"column":1}},"1":{"start":{"line":2,"column":4},"end":{"line":5,"column":6}},"2":{"start":{"line":8,"column":33},"end":{"line":13,"column":1}},"3":{"start":{"line":9,"column":4},"end":{"line":12,"column":5}},"4":{"start":{"line":15,"column":22},"end":{"line":19,"column":1}},"5":{"start":{"line":16,"column":4},"end":{"line":18,"column":5}}},"fnMap":{"0":{"name":"(anonymous_0)","decl":{"start":{"line":1,"column":24},"end":{"line":1,"column":25}},"loc":{"start":{"line":1,"column":34},"end":{"line":6,"column":1}},"line":1},"1":{"name":"(anonymous_1)","decl":{"start":{"line":8,"column":33},"end":{"line":8,"column":34}},"loc":{"start":{"line":8,"column":54},"end":{"line":13,"column":1}},"line":8},"2":{"name":"(anonymous_2)","decl":{"start":{"line":15,"column":22},"end":{"line":15,"column":23}},"loc":{"start":{"line":15,"column":28},"end":{"line":19,"column":1}},"line":15}},"branchMap":{},"s":{"0":1,"1":0,"2":1,"3":1,"4":1,"5":1},"f":{"0":0,"1":1,"2":1},"b":{},"_coverageSchema":"43e27e138ebf9cfc5966b082cf9a028302ed4184","hash":"99e07a13608dc2006516aec87112f52058d4481a"}
,"E:\\jenius\\jenius_rio\\src\\actions\\user\\contact\\index.js": {"path":"E:\\jenius\\jenius_rio\\src\\actions\\user\\contact\\index.js","statementMap":{"0":{"start":{"line":1,"column":29},"end":{"line":6,"column":1}},"1":{"start":{"line":2,"column":4},"end":{"line":5,"column":5}}},"fnMap":{"0":{"name":"(anonymous_0)","decl":{"start":{"line":1,"column":29},"end":{"line":1,"column":30}},"loc":{"start":{"line":1,"column":42},"end":{"line":6,"column":1}},"line":1}},"branchMap":{},"s":{"0":0,"1":0},"f":{"0":0},"b":{},"hash":"97d4f60e11ea1d876965600327d4824f3e149269"}
,"E:\\jenius\\jenius_rio\\src\\api\\contact\\index.js": {"path":"E:\\jenius\\jenius_rio\\src\\api\\contact\\index.js","statementMap":{"0":{"start":{"line":2,"column":4},"end":{"line":4,"column":6}},"1":{"start":{"line":8,"column":4},"end":{"line":10,"column":7}},"2":{"start":{"line":14,"column":4},"end":{"line":17,"column":6}},"3":{"start":{"line":21,"column":4},"end":{"line":23,"column":7}},"4":{"start":{"line":27,"column":4},"end":{"line":30,"column":6}}},"fnMap":{"0":{"name":"doGetContact","decl":{"start":{"line":1,"column":16},"end":{"line":1,"column":28}},"loc":{"start":{"line":1,"column":31},"end":{"line":5,"column":1}},"line":1},"1":{"name":"doGetContactById","decl":{"start":{"line":7,"column":16},"end":{"line":7,"column":32}},"loc":{"start":{"line":7,"column":37},"end":{"line":11,"column":1}},"line":7},"2":{"name":"doAddContact","decl":{"start":{"line":13,"column":16},"end":{"line":13,"column":28}},"loc":{"start":{"line":13,"column":38},"end":{"line":18,"column":1}},"line":13},"3":{"name":"doDeleteContactById","decl":{"start":{"line":20,"column":16},"end":{"line":20,"column":35}},"loc":{"start":{"line":20,"column":40},"end":{"line":24,"column":1}},"line":20},"4":{"name":"doUpdateContact","decl":{"start":{"line":26,"column":16},"end":{"line":26,"column":31}},"loc":{"start":{"line":26,"column":52},"end":{"line":31,"column":1}},"line":26}},"branchMap":{},"s":{"0":0,"1":0,"2":0,"3":0,"4":0},"f":{"0":0,"1":0,"2":0,"3":0,"4":0},"b":{},"hash":"c25ad0d387d0e757edf94dc6ffc1d62ecb9ebe4d"}
,"E:\\jenius\\jenius_rio\\src\\component\\privateRoute.js": {"path":"E:\\jenius\\jenius_rio\\src\\component\\privateRoute.js","statementMap":{"0":{"start":{"line":7,"column":8},"end":{"line":12,"column":9}},"1":{"start":{"line":9,"column":16},"end":{"line":10,"column":39}},"2":{"start":{"line":16,"column":24},"end":{"line":18,"column":1}},"3":{"start":{"line":17,"column":4},"end":{"line":17,"column":57}}},"fnMap":{"0":{"name":"(anonymous_0)","decl":{"start":{"line":6,"column":4},"end":{"line":6,"column":5}},"loc":{"start":{"line":6,"column":13},"end":{"line":13,"column":5}},"line":6},"1":{"name":"(anonymous_1)","decl":{"start":{"line":8,"column":50},"end":{"line":8,"column":51}},"loc":{"start":{"line":8,"column":61},"end":{"line":11,"column":13}},"line":8},"2":{"name":"(anonymous_2)","decl":{"start":{"line":16,"column":24},"end":{"line":16,"column":25}},"loc":{"start":{"line":16,"column":35},"end":{"line":18,"column":1}},"line":16}},"branchMap":{"0":{"loc":{"start":{"line":9,"column":23},"end":{"line":10,"column":39}},"type":"cond-expr","locations":[{"start":{"line":9,"column":50},"end":{"line":9,"column":85}},{"start":{"line":10,"column":20},"end":{"line":10,"column":39}}],"line":9}},"s":{"0":0,"1":0,"2":0,"3":0},"f":{"0":0,"1":0,"2":0},"b":{"0":[0,0]},"hash":"27d108c2cc5df2eb1d6054f9b4b4161551d22664"}
,"E:\\jenius\\jenius_rio\\src\\component\\contact\\contact.js": {"path":"E:\\jenius\\jenius_rio\\src\\component\\contact\\contact.js","statementMap":{"0":{"start":{"line":15,"column":12},"end":{"line":15,"column":123}},"1":{"start":{"line":17,"column":24},"end":{"line":25,"column":5}},"2":{"start":{"line":18,"column":8},"end":{"line":24,"column":9}},"3":{"start":{"line":19,"column":29},"end":{"line":19,"column":49}},"4":{"start":{"line":20,"column":25},"end":{"line":20,"column":46}},"5":{"start":{"line":21,"column":12},"end":{"line":21,"column":53}},"6":{"start":{"line":23,"column":12},"end":{"line":23,"column":28}},"7":{"start":{"line":27,"column":19},"end":{"line":33,"column":5}},"8":{"start":{"line":28,"column":8},"end":{"line":32,"column":9}},"9":{"start":{"line":29,"column":12},"end":{"line":29,"column":119}},"10":{"start":{"line":31,"column":12},"end":{"line":31,"column":28}},"11":{"start":{"line":35,"column":22},"end":{"line":41,"column":5}},"12":{"start":{"line":36,"column":8},"end":{"line":40,"column":9}},"13":{"start":{"line":37,"column":12},"end":{"line":37,"column":122}},"14":{"start":{"line":39,"column":12},"end":{"line":39,"column":28}},"15":{"start":{"line":43,"column":22},"end":{"line":49,"column":5}},"16":{"start":{"line":44,"column":8},"end":{"line":48,"column":9}},"17":{"start":{"line":45,"column":12},"end":{"line":45,"column":127}},"18":{"start":{"line":47,"column":12},"end":{"line":47,"column":28}},"19":{"start":{"line":51,"column":20},"end":{"line":57,"column":5}},"20":{"start":{"line":52,"column":8},"end":{"line":56,"column":9}},"21":{"start":{"line":53,"column":12},"end":{"line":53,"column":121}},"22":{"start":{"line":55,"column":12},"end":{"line":55,"column":28}},"23":{"start":{"line":59,"column":14},"end":{"line":65,"column":5}},"24":{"start":{"line":60,"column":8},"end":{"line":64,"column":9}},"25":{"start":{"line":61,"column":12},"end":{"line":61,"column":30}},"26":{"start":{"line":63,"column":12},"end":{"line":63,"column":28}},"27":{"start":{"line":67,"column":17},"end":{"line":73,"column":5}},"28":{"start":{"line":68,"column":8},"end":{"line":72,"column":9}},"29":{"start":{"line":69,"column":12},"end":{"line":69,"column":33}},"30":{"start":{"line":71,"column":12},"end":{"line":71,"column":28}},"31":{"start":{"line":75,"column":17},"end":{"line":81,"column":5}},"32":{"start":{"line":76,"column":8},"end":{"line":80,"column":9}},"33":{"start":{"line":77,"column":12},"end":{"line":77,"column":33}},"34":{"start":{"line":79,"column":12},"end":{"line":79,"column":28}},"35":{"start":{"line":83,"column":17},"end":{"line":89,"column":5}},"36":{"start":{"line":84,"column":8},"end":{"line":88,"column":9}},"37":{"start":{"line":85,"column":12},"end":{"line":85,"column":33}},"38":{"start":{"line":87,"column":12},"end":{"line":87,"column":28}},"39":{"start":{"line":92,"column":8},"end":{"line":134,"column":9}}},"fnMap":{"0":{"name":"(anonymous_0)","decl":{"start":{"line":17,"column":24},"end":{"line":17,"column":25}},"loc":{"start":{"line":17,"column":36},"end":{"line":25,"column":5}},"line":17},"1":{"name":"(anonymous_1)","decl":{"start":{"line":27,"column":19},"end":{"line":27,"column":20}},"loc":{"start":{"line":27,"column":25},"end":{"line":33,"column":5}},"line":27},"2":{"name":"(anonymous_2)","decl":{"start":{"line":35,"column":22},"end":{"line":35,"column":23}},"loc":{"start":{"line":35,"column":28},"end":{"line":41,"column":5}},"line":35},"3":{"name":"(anonymous_3)","decl":{"start":{"line":43,"column":22},"end":{"line":43,"column":23}},"loc":{"start":{"line":43,"column":28},"end":{"line":49,"column":5}},"line":43},"4":{"name":"(anonymous_4)","decl":{"start":{"line":51,"column":20},"end":{"line":51,"column":21}},"loc":{"start":{"line":51,"column":26},"end":{"line":57,"column":5}},"line":51},"5":{"name":"(anonymous_5)","decl":{"start":{"line":59,"column":14},"end":{"line":59,"column":15}},"loc":{"start":{"line":59,"column":20},"end":{"line":65,"column":5}},"line":59},"6":{"name":"(anonymous_6)","decl":{"start":{"line":67,"column":17},"end":{"line":67,"column":18}},"loc":{"start":{"line":67,"column":23},"end":{"line":73,"column":5}},"line":67},"7":{"name":"(anonymous_7)","decl":{"start":{"line":75,"column":17},"end":{"line":75,"column":18}},"loc":{"start":{"line":75,"column":23},"end":{"line":81,"column":5}},"line":75},"8":{"name":"(anonymous_8)","decl":{"start":{"line":83,"column":17},"end":{"line":83,"column":18}},"loc":{"start":{"line":83,"column":23},"end":{"line":89,"column":5}},"line":83},"9":{"name":"(anonymous_9)","decl":{"start":{"line":91,"column":4},"end":{"line":91,"column":5}},"loc":{"start":{"line":91,"column":13},"end":{"line":135,"column":5}},"line":91}},"branchMap":{"0":{"loc":{"start":{"line":101,"column":45},"end":{"line":101,"column":139}},"type":"cond-expr","locations":[{"start":{"line":101,"column":77},"end":{"line":101,"column":134}},{"start":{"line":101,"column":137},"end":{"line":101,"column":139}}],"line":101},"1":{"loc":{"start":{"line":102,"column":45},"end":{"line":102,"column":134}},"type":"cond-expr","locations":[{"start":{"line":102,"column":74},"end":{"line":102,"column":129}},{"start":{"line":102,"column":132},"end":{"line":102,"column":134}}],"line":102},"2":{"loc":{"start":{"line":103,"column":45},"end":{"line":103,"column":134}},"type":"cond-expr","locations":[{"start":{"line":103,"column":77},"end":{"line":103,"column":129}},{"start":{"line":103,"column":132},"end":{"line":103,"column":134}}],"line":103},"3":{"loc":{"start":{"line":104,"column":45},"end":{"line":104,"column":146}},"type":"cond-expr","locations":[{"start":{"line":104,"column":82},"end":{"line":104,"column":141}},{"start":{"line":104,"column":144},"end":{"line":104,"column":146}}],"line":104},"4":{"loc":{"start":{"line":108,"column":37},"end":{"line":111,"column":51}},"type":"cond-expr","locations":[{"start":{"line":109,"column":40},"end":{"line":111,"column":46}},{"start":{"line":111,"column":49},"end":{"line":111,"column":51}}],"line":108},"5":{"loc":{"start":{"line":115,"column":29},"end":{"line":118,"column":36}},"type":"cond-expr","locations":[{"start":{"line":116,"column":32},"end":{"line":117,"column":200}},{"start":{"line":118,"column":34},"end":{"line":118,"column":36}}],"line":115},"6":{"loc":{"start":{"line":120,"column":29},"end":{"line":122,"column":171}},"type":"cond-expr","locations":[{"start":{"line":121,"column":32},"end":{"line":122,"column":166}},{"start":{"line":122,"column":169},"end":{"line":122,"column":171}}],"line":120},"7":{"loc":{"start":{"line":124,"column":29},"end":{"line":125,"column":182}},"type":"cond-expr","locations":[{"start":{"line":125,"column":32},"end":{"line":125,"column":177}},{"start":{"line":125,"column":180},"end":{"line":125,"column":182}}],"line":124},"8":{"loc":{"start":{"line":127,"column":29},"end":{"line":128,"column":80}},"type":"cond-expr","locations":[{"start":{"line":128,"column":32},"end":{"line":128,"column":75}},{"start":{"line":128,"column":78},"end":{"line":128,"column":80}}],"line":127}},"s":{"0":0,"1":0,"2":0,"3":0,"4":0,"5":0,"6":0,"7":0,"8":0,"9":0,"10":0,"11":0,"12":0,"13":0,"14":0,"15":0,"16":0,"17":0,"18":0,"19":0,"20":0,"21":0,"22":0,"23":0,"24":0,"25":0,"26":0,"27":0,"28":0,"29":0,"30":0,"31":0,"32":0,"33":0,"34":0,"35":0,"36":0,"37":0,"38":0,"39":0},"f":{"0":0,"1":0,"2":0,"3":0,"4":0,"5":0,"6":0,"7":0,"8":0,"9":0},"b":{"0":[0,0],"1":[0,0],"2":[0,0],"3":[0,0],"4":[0,0],"5":[0,0],"6":[0,0],"7":[0,0],"8":[0,0]},"hash":"6912a7c635652b889da6aebea9db5386f63a3cab"}
,"E:\\jenius\\jenius_rio\\src\\component\\contact\\addContact\\addContact.js": {"path":"E:\\jenius\\jenius_rio\\src\\component\\contact\\addContact\\addContact.js","statementMap":{"0":{"start":{"line":11,"column":12},"end":{"line":11,"column":153}},"1":{"start":{"line":13,"column":19},"end":{"line":93,"column":5}},"2":{"start":{"line":14,"column":8},"end":{"line":91,"column":9}},"3":{"start":{"line":15,"column":12},"end":{"line":88,"column":18}},"4":{"start":{"line":20,"column":20},"end":{"line":87,"column":21}},"5":{"start":{"line":21,"column":24},"end":{"line":84,"column":25}},"6":{"start":{"line":22,"column":42},"end":{"line":27,"column":29}},"7":{"start":{"line":28,"column":45},"end":{"line":28,"column":72}},"8":{"start":{"line":29,"column":28},"end":{"line":40,"column":29}},"9":{"start":{"line":30,"column":32},"end":{"line":30,"column":66}},"10":{"start":{"line":31,"column":32},"end":{"line":31,"column":53}},"11":{"start":{"line":32,"column":35},"end":{"line":40,"column":29}},"12":{"start":{"line":33,"column":32},"end":{"line":33,"column":53}},"13":{"start":{"line":34,"column":35},"end":{"line":40,"column":29}},"14":{"start":{"line":35,"column":32},"end":{"line":35,"column":53}},"15":{"start":{"line":36,"column":35},"end":{"line":40,"column":29}},"16":{"start":{"line":37,"column":32},"end":{"line":37,"column":53}},"17":{"start":{"line":39,"column":32},"end":{"line":39,"column":50}},"18":{"start":{"line":42,"column":28},"end":{"line":42,"column":60}},"19":{"start":{"line":43,"column":46},"end":{"line":43,"column":56}},"20":{"start":{"line":44,"column":28},"end":{"line":83,"column":30}},"21":{"start":{"line":47,"column":53},"end":{"line":49,"column":37}},"22":{"start":{"line":50,"column":36},"end":{"line":50,"column":64}},"23":{"start":{"line":53,"column":36},"end":{"line":53,"column":55}},"24":{"start":{"line":56,"column":36},"end":{"line":81,"column":43}},"25":{"start":{"line":61,"column":44},"end":{"line":61,"column":67}},"26":{"start":{"line":62,"column":58},"end":{"line":67,"column":45}},"27":{"start":{"line":68,"column":61},"end":{"line":68,"column":88}},"28":{"start":{"line":69,"column":44},"end":{"line":80,"column":45}},"29":{"start":{"line":70,"column":48},"end":{"line":70,"column":82}},"30":{"start":{"line":71,"column":48},"end":{"line":71,"column":69}},"31":{"start":{"line":72,"column":51},"end":{"line":80,"column":45}},"32":{"start":{"line":73,"column":48},"end":{"line":73,"column":69}},"33":{"start":{"line":74,"column":51},"end":{"line":80,"column":45}},"34":{"start":{"line":75,"column":48},"end":{"line":75,"column":69}},"35":{"start":{"line":76,"column":51},"end":{"line":80,"column":45}},"36":{"start":{"line":77,"column":48},"end":{"line":77,"column":69}},"37":{"start":{"line":79,"column":48},"end":{"line":79,"column":66}},"38":{"start":{"line":86,"column":24},"end":{"line":86,"column":49}},"39":{"start":{"line":90,"column":12},"end":{"line":90,"column":30}},"40":{"start":{"line":92,"column":8},"end":{"line":92,"column":41}},"41":{"start":{"line":95,"column":20},"end":{"line":101,"column":5}},"42":{"start":{"line":96,"column":8},"end":{"line":100,"column":9}},"43":{"start":{"line":97,"column":12},"end":{"line":97,"column":30}},"44":{"start":{"line":99,"column":12},"end":{"line":99,"column":28}},"45":{"start":{"line":103,"column":24},"end":{"line":109,"column":5}},"46":{"start":{"line":104,"column":8},"end":{"line":108,"column":9}},"47":{"start":{"line":105,"column":12},"end":{"line":105,"column":60}},"48":{"start":{"line":107,"column":12},"end":{"line":107,"column":28}},"49":{"start":{"line":111,"column":23},"end":{"line":117,"column":5}},"50":{"start":{"line":112,"column":8},"end":{"line":116,"column":9}},"51":{"start":{"line":113,"column":12},"end":{"line":113,"column":59}},"52":{"start":{"line":115,"column":12},"end":{"line":115,"column":28}},"53":{"start":{"line":119,"column":18},"end":{"line":129,"column":5}},"54":{"start":{"line":120,"column":8},"end":{"line":128,"column":9}},"55":{"start":{"line":121,"column":12},"end":{"line":121,"column":89}},"56":{"start":{"line":122,"column":12},"end":{"line":122,"column":38}},"57":{"start":{"line":123,"column":15},"end":{"line":128,"column":9}},"58":{"start":{"line":124,"column":12},"end":{"line":124,"column":89}},"59":{"start":{"line":125,"column":12},"end":{"line":125,"column":38}},"60":{"start":{"line":127,"column":12},"end":{"line":127,"column":54}},"61":{"start":{"line":131,"column":20},"end":{"line":137,"column":5}},"62":{"start":{"line":132,"column":8},"end":{"line":136,"column":9}},"63":{"start":{"line":133,"column":12},"end":{"line":133,"column":56}},"64":{"start":{"line":135,"column":12},"end":{"line":135,"column":28}},"65":{"start":{"line":139,"column":20},"end":{"line":164,"column":5}},"66":{"start":{"line":140,"column":8},"end":{"line":163,"column":9}},"67":{"start":{"line":141,"column":12},"end":{"line":143,"column":14}},"68":{"start":{"line":144,"column":27},"end":{"line":144,"column":43}},"69":{"start":{"line":145,"column":12},"end":{"line":149,"column":13}},"70":{"start":{"line":146,"column":16},"end":{"line":148,"column":18}},"71":{"start":{"line":150,"column":12},"end":{"line":160,"column":13}},"72":{"start":{"line":151,"column":16},"end":{"line":151,"column":55}},"73":{"start":{"line":152,"column":16},"end":{"line":154,"column":18}},"74":{"start":{"line":157,"column":16},"end":{"line":159,"column":18}},"75":{"start":{"line":162,"column":12},"end":{"line":162,"column":30}},"76":{"start":{"line":167,"column":8},"end":{"line":200,"column":9}},"77":{"start":{"line":168,"column":12},"end":{"line":172,"column":13}},"78":{"start":{"line":174,"column":12},"end":{"line":198,"column":13}}},"fnMap":{"0":{"name":"(anonymous_0)","decl":{"start":{"line":13,"column":19},"end":{"line":13,"column":20}},"loc":{"start":{"line":13,"column":31},"end":{"line":93,"column":5}},"line":13},"1":{"name":"(anonymous_1)","decl":{"start":{"line":19,"column":22},"end":{"line":19,"column":23}},"loc":{"start":{"line":19,"column":42},"end":{"line":88,"column":17}},"line":19},"2":{"name":"(anonymous_2)","decl":{"start":{"line":46,"column":32},"end":{"line":46,"column":33}},"loc":{"start":{"line":46,"column":44},"end":{"line":51,"column":33}},"line":46},"3":{"name":"(anonymous_3)","decl":{"start":{"line":52,"column":32},"end":{"line":52,"column":33}},"loc":{"start":{"line":52,"column":41},"end":{"line":54,"column":33}},"line":52},"4":{"name":"(anonymous_4)","decl":{"start":{"line":55,"column":32},"end":{"line":55,"column":33}},"loc":{"start":{"line":55,"column":38},"end":{"line":82,"column":33}},"line":55},"5":{"name":"(anonymous_5)","decl":{"start":{"line":60,"column":46},"end":{"line":60,"column":47}},"loc":{"start":{"line":60,"column":59},"end":{"line":81,"column":41}},"line":60},"6":{"name":"(anonymous_6)","decl":{"start":{"line":95,"column":20},"end":{"line":95,"column":21}},"loc":{"start":{"line":95,"column":26},"end":{"line":101,"column":5}},"line":95},"7":{"name":"(anonymous_7)","decl":{"start":{"line":103,"column":24},"end":{"line":103,"column":25}},"loc":{"start":{"line":103,"column":35},"end":{"line":109,"column":5}},"line":103},"8":{"name":"(anonymous_8)","decl":{"start":{"line":111,"column":23},"end":{"line":111,"column":24}},"loc":{"start":{"line":111,"column":34},"end":{"line":117,"column":5}},"line":111},"9":{"name":"(anonymous_9)","decl":{"start":{"line":119,"column":18},"end":{"line":119,"column":19}},"loc":{"start":{"line":119,"column":29},"end":{"line":129,"column":5}},"line":119},"10":{"name":"(anonymous_10)","decl":{"start":{"line":131,"column":20},"end":{"line":131,"column":21}},"loc":{"start":{"line":131,"column":31},"end":{"line":137,"column":5}},"line":131},"11":{"name":"(anonymous_11)","decl":{"start":{"line":139,"column":20},"end":{"line":139,"column":21}},"loc":{"start":{"line":139,"column":37},"end":{"line":164,"column":5}},"line":139},"12":{"name":"(anonymous_12)","decl":{"start":{"line":145,"column":31},"end":{"line":145,"column":32}},"loc":{"start":{"line":145,"column":37},"end":{"line":149,"column":13}},"line":145},"13":{"name":"(anonymous_13)","decl":{"start":{"line":166,"column":4},"end":{"line":166,"column":5}},"loc":{"start":{"line":166,"column":13},"end":{"line":201,"column":5}},"line":166}},"branchMap":{"0":{"loc":{"start":{"line":20,"column":20},"end":{"line":87,"column":21}},"type":"if","locations":[{"start":{"line":20,"column":20},"end":{"line":87,"column":21}},{"start":{"line":20,"column":20},"end":{"line":87,"column":21}}],"line":20},"1":{"loc":{"start":{"line":21,"column":24},"end":{"line":84,"column":25}},"type":"if","locations":[{"start":{"line":21,"column":24},"end":{"line":84,"column":25}},{"start":{"line":21,"column":24},"end":{"line":84,"column":25}}],"line":21},"2":{"loc":{"start":{"line":29,"column":28},"end":{"line":40,"column":29}},"type":"if","locations":[{"start":{"line":29,"column":28},"end":{"line":40,"column":29}},{"start":{"line":29,"column":28},"end":{"line":40,"column":29}}],"line":29},"3":{"loc":{"start":{"line":32,"column":35},"end":{"line":40,"column":29}},"type":"if","locations":[{"start":{"line":32,"column":35},"end":{"line":40,"column":29}},{"start":{"line":32,"column":35},"end":{"line":40,"column":29}}],"line":32},"4":{"loc":{"start":{"line":34,"column":35},"end":{"line":40,"column":29}},"type":"if","locations":[{"start":{"line":34,"column":35},"end":{"line":40,"column":29}},{"start":{"line":34,"column":35},"end":{"line":40,"column":29}}],"line":34},"5":{"loc":{"start":{"line":36,"column":35},"end":{"line":40,"column":29}},"type":"if","locations":[{"start":{"line":36,"column":35},"end":{"line":40,"column":29}},{"start":{"line":36,"column":35},"end":{"line":40,"column":29}}],"line":36},"6":{"loc":{"start":{"line":69,"column":44},"end":{"line":80,"column":45}},"type":"if","locations":[{"start":{"line":69,"column":44},"end":{"line":80,"column":45}},{"start":{"line":69,"column":44},"end":{"line":80,"column":45}}],"line":69},"7":{"loc":{"start":{"line":72,"column":51},"end":{"line":80,"column":45}},"type":"if","locations":[{"start":{"line":72,"column":51},"end":{"line":80,"column":45}},{"start":{"line":72,"column":51},"end":{"line":80,"column":45}}],"line":72},"8":{"loc":{"start":{"line":74,"column":51},"end":{"line":80,"column":45}},"type":"if","locations":[{"start":{"line":74,"column":51},"end":{"line":80,"column":45}},{"start":{"line":74,"column":51},"end":{"line":80,"column":45}}],"line":74},"9":{"loc":{"start":{"line":76,"column":51},"end":{"line":80,"column":45}},"type":"if","locations":[{"start":{"line":76,"column":51},"end":{"line":80,"column":45}},{"start":{"line":76,"column":51},"end":{"line":80,"column":45}}],"line":76},"10":{"loc":{"start":{"line":120,"column":8},"end":{"line":128,"column":9}},"type":"if","locations":[{"start":{"line":120,"column":8},"end":{"line":128,"column":9}},{"start":{"line":120,"column":8},"end":{"line":128,"column":9}}],"line":120},"11":{"loc":{"start":{"line":123,"column":15},"end":{"line":128,"column":9}},"type":"if","locations":[{"start":{"line":123,"column":15},"end":{"line":128,"column":9}},{"start":{"line":123,"column":15},"end":{"line":128,"column":9}}],"line":123},"12":{"loc":{"start":{"line":150,"column":12},"end":{"line":160,"column":13}},"type":"if","locations":[{"start":{"line":150,"column":12},"end":{"line":160,"column":13}},{"start":{"line":150,"column":12},"end":{"line":160,"column":13}}],"line":150},"13":{"loc":{"start":{"line":167,"column":8},"end":{"line":200,"column":9}},"type":"if","locations":[{"start":{"line":167,"column":8},"end":{"line":200,"column":9}},{"start":{"line":167,"column":8},"end":{"line":200,"column":9}}],"line":167},"14":{"loc":{"start":{"line":184,"column":25},"end":{"line":190,"column":34}},"type":"cond-expr","locations":[{"start":{"line":184,"column":54},"end":{"line":184,"column":56}},{"start":{"line":185,"column":28},"end":{"line":190,"column":34}}],"line":184}},"s":{"0":0,"1":0,"2":0,"3":0,"4":0,"5":0,"6":0,"7":0,"8":0,"9":0,"10":0,"11":0,"12":0,"13":0,"14":0,"15":0,"16":0,"17":0,"18":0,"19":0,"20":0,"21":0,"22":0,"23":0,"24":0,"25":0,"26":0,"27":0,"28":0,"29":0,"30":0,"31":0,"32":0,"33":0,"34":0,"35":0,"36":0,"37":0,"38":0,"39":0,"40":0,"41":0,"42":0,"43":0,"44":0,"45":0,"46":0,"47":0,"48":0,"49":0,"50":0,"51":0,"52":0,"53":0,"54":0,"55":0,"56":0,"57":0,"58":0,"59":0,"60":0,"61":0,"62":0,"63":0,"64":0,"65":0,"66":0,"67":0,"68":0,"69":0,"70":0,"71":0,"72":0,"73":0,"74":0,"75":0,"76":0,"77":0,"78":0},"f":{"0":0,"1":0,"2":0,"3":0,"4":0,"5":0,"6":0,"7":0,"8":0,"9":0,"10":0,"11":0,"12":0,"13":0},"b":{"0":[0,0],"1":[0,0],"2":[0,0],"3":[0,0],"4":[0,0],"5":[0,0],"6":[0,0],"7":[0,0],"8":[0,0],"9":[0,0],"10":[0,0],"11":[0,0],"12":[0,0],"13":[0,0],"14":[0,0]},"hash":"ed8d9119cc6bafeee964c93e0d5a913a487eafcb"}
,"E:\\jenius\\jenius_rio\\src\\component\\contact\\detailContact\\detailContact.js": {"path":"E:\\jenius\\jenius_rio\\src\\component\\contact\\detailContact\\detailContact.js","statementMap":{"0":{"start":{"line":9,"column":20},"end":{"line":15,"column":5}},"1":{"start":{"line":10,"column":8},"end":{"line":14,"column":9}},"2":{"start":{"line":11,"column":12},"end":{"line":11,"column":29}},"3":{"start":{"line":13,"column":12},"end":{"line":13,"column":28}},"4":{"start":{"line":18,"column":8},"end":{"line":50,"column":9}},"5":{"start":{"line":55,"column":24},"end":{"line":59,"column":1}},"6":{"start":{"line":56,"column":4},"end":{"line":58,"column":6}}},"fnMap":{"0":{"name":"(anonymous_0)","decl":{"start":{"line":9,"column":20},"end":{"line":9,"column":21}},"loc":{"start":{"line":9,"column":26},"end":{"line":15,"column":5}},"line":9},"1":{"name":"(anonymous_1)","decl":{"start":{"line":17,"column":4},"end":{"line":17,"column":5}},"loc":{"start":{"line":17,"column":13},"end":{"line":51,"column":5}},"line":17},"2":{"name":"(anonymous_2)","decl":{"start":{"line":55,"column":24},"end":{"line":55,"column":25}},"loc":{"start":{"line":55,"column":35},"end":{"line":59,"column":1}},"line":55}},"branchMap":{},"s":{"0":0,"1":0,"2":0,"3":0,"4":0,"5":0,"6":0},"f":{"0":0,"1":0,"2":0},"b":{},"hash":"0868f410e3f3f2536aa2ad9da61da8d8ec112dc8"}
,"E:\\jenius\\jenius_rio\\src\\component\\contact\\listContact\\listContact.js": {"path":"E:\\jenius\\jenius_rio\\src\\component\\contact\\listContact\\listContact.js","statementMap":{"0":{"start":{"line":15,"column":12},"end":{"line":15,"column":74}},"1":{"start":{"line":17,"column":24},"end":{"line":27,"column":5}},"2":{"start":{"line":18,"column":8},"end":{"line":25,"column":9}},"3":{"start":{"line":19,"column":12},"end":{"line":19,"column":44}},"4":{"start":{"line":20,"column":29},"end":{"line":20,"column":49}},"5":{"start":{"line":21,"column":25},"end":{"line":21,"column":46}},"6":{"start":{"line":22,"column":12},"end":{"line":22,"column":53}},"7":{"start":{"line":24,"column":12},"end":{"line":24,"column":28}},"8":{"start":{"line":26,"column":8},"end":{"line":26,"column":41}},"9":{"start":{"line":29,"column":15},"end":{"line":38,"column":5}},"10":{"start":{"line":30,"column":8},"end":{"line":36,"column":9}},"11":{"start":{"line":31,"column":12},"end":{"line":31,"column":44}},"12":{"start":{"line":32,"column":12},"end":{"line":32,"column":32}},"13":{"start":{"line":33,"column":12},"end":{"line":33,"column":45}},"14":{"start":{"line":35,"column":12},"end":{"line":35,"column":28}},"15":{"start":{"line":37,"column":8},"end":{"line":37,"column":41}},"16":{"start":{"line":40,"column":15},"end":{"line":49,"column":5}},"17":{"start":{"line":41,"column":8},"end":{"line":47,"column":9}},"18":{"start":{"line":42,"column":12},"end":{"line":42,"column":44}},"19":{"start":{"line":43,"column":12},"end":{"line":43,"column":32}},"20":{"start":{"line":44,"column":12},"end":{"line":44,"column":45}},"21":{"start":{"line":46,"column":12},"end":{"line":46,"column":28}},"22":{"start":{"line":48,"column":8},"end":{"line":48,"column":41}},"23":{"start":{"line":51,"column":15},"end":{"line":80,"column":5}},"24":{"start":{"line":52,"column":8},"end":{"line":78,"column":9}},"25":{"start":{"line":53,"column":12},"end":{"line":75,"column":19}},"26":{"start":{"line":58,"column":20},"end":{"line":74,"column":21}},"27":{"start":{"line":59,"column":24},"end":{"line":59,"column":56}},"28":{"start":{"line":60,"column":41},"end":{"line":60,"column":70}},"29":{"start":{"line":61,"column":24},"end":{"line":71,"column":25}},"30":{"start":{"line":62,"column":28},"end":{"line":62,"column":63}},"31":{"start":{"line":63,"column":31},"end":{"line":71,"column":25}},"32":{"start":{"line":64,"column":28},"end":{"line":64,"column":50}},"33":{"start":{"line":65,"column":31},"end":{"line":71,"column":25}},"34":{"start":{"line":66,"column":28},"end":{"line":66,"column":50}},"35":{"start":{"line":67,"column":31},"end":{"line":71,"column":25}},"36":{"start":{"line":68,"column":28},"end":{"line":68,"column":50}},"37":{"start":{"line":70,"column":28},"end":{"line":70,"column":47}},"38":{"start":{"line":73,"column":24},"end":{"line":73,"column":65}},"39":{"start":{"line":77,"column":12},"end":{"line":77,"column":30}},"40":{"start":{"line":79,"column":8},"end":{"line":79,"column":41}},"41":{"start":{"line":82,"column":26},"end":{"line":100,"column":5}},"42":{"start":{"line":83,"column":16},"end":{"line":83,"column":17}},"43":{"start":{"line":84,"column":8},"end":{"line":99,"column":10}},"44":{"start":{"line":85,"column":12},"end":{"line":85,"column":16}},"45":{"start":{"line":86,"column":12},"end":{"line":98,"column":13}},"46":{"start":{"line":92,"column":92},"end":{"line":92,"column":111}},"47":{"start":{"line":94,"column":66},"end":{"line":94,"column":88}},"48":{"start":{"line":95,"column":64},"end":{"line":95,"column":83}},"49":{"start":{"line":103,"column":8},"end":{"line":126,"column":9}},"50":{"start":{"line":131,"column":27},"end":{"line":133,"column":1}}},"fnMap":{"0":{"name":"(anonymous_0)","decl":{"start":{"line":17,"column":24},"end":{"line":17,"column":25}},"loc":{"start":{"line":17,"column":36},"end":{"line":27,"column":5}},"line":17},"1":{"name":"(anonymous_1)","decl":{"start":{"line":29,"column":15},"end":{"line":29,"column":16}},"loc":{"start":{"line":29,"column":28},"end":{"line":38,"column":5}},"line":29},"2":{"name":"(anonymous_2)","decl":{"start":{"line":40,"column":15},"end":{"line":40,"column":16}},"loc":{"start":{"line":40,"column":31},"end":{"line":49,"column":5}},"line":40},"3":{"name":"(anonymous_3)","decl":{"start":{"line":51,"column":15},"end":{"line":51,"column":16}},"loc":{"start":{"line":51,"column":23},"end":{"line":80,"column":5}},"line":51},"4":{"name":"(anonymous_4)","decl":{"start":{"line":57,"column":22},"end":{"line":57,"column":23}},"loc":{"start":{"line":57,"column":42},"end":{"line":75,"column":17}},"line":57},"5":{"name":"(anonymous_5)","decl":{"start":{"line":82,"column":26},"end":{"line":82,"column":27}},"loc":{"start":{"line":82,"column":32},"end":{"line":100,"column":5}},"line":82},"6":{"name":"(anonymous_6)","decl":{"start":{"line":84,"column":42},"end":{"line":84,"column":43}},"loc":{"start":{"line":84,"column":50},"end":{"line":99,"column":9}},"line":84},"7":{"name":"(anonymous_7)","decl":{"start":{"line":92,"column":86},"end":{"line":92,"column":87}},"loc":{"start":{"line":92,"column":92},"end":{"line":92,"column":111}},"line":92},"8":{"name":"(anonymous_8)","decl":{"start":{"line":94,"column":60},"end":{"line":94,"column":61}},"loc":{"start":{"line":94,"column":66},"end":{"line":94,"column":88}},"line":94},"9":{"name":"(anonymous_9)","decl":{"start":{"line":95,"column":58},"end":{"line":95,"column":59}},"loc":{"start":{"line":95,"column":64},"end":{"line":95,"column":83}},"line":95},"10":{"name":"(anonymous_10)","decl":{"start":{"line":102,"column":4},"end":{"line":102,"column":5}},"loc":{"start":{"line":102,"column":13},"end":{"line":127,"column":5}},"line":102}},"branchMap":{"0":{"loc":{"start":{"line":58,"column":20},"end":{"line":74,"column":21}},"type":"if","locations":[{"start":{"line":58,"column":20},"end":{"line":74,"column":21}},{"start":{"line":58,"column":20},"end":{"line":74,"column":21}}],"line":58},"1":{"loc":{"start":{"line":61,"column":24},"end":{"line":71,"column":25}},"type":"if","locations":[{"start":{"line":61,"column":24},"end":{"line":71,"column":25}},{"start":{"line":61,"column":24},"end":{"line":71,"column":25}}],"line":61},"2":{"loc":{"start":{"line":63,"column":31},"end":{"line":71,"column":25}},"type":"if","locations":[{"start":{"line":63,"column":31},"end":{"line":71,"column":25}},{"start":{"line":63,"column":31},"end":{"line":71,"column":25}}],"line":63},"3":{"loc":{"start":{"line":65,"column":31},"end":{"line":71,"column":25}},"type":"if","locations":[{"start":{"line":65,"column":31},"end":{"line":71,"column":25}},{"start":{"line":65,"column":31},"end":{"line":71,"column":25}}],"line":65},"4":{"loc":{"start":{"line":67,"column":31},"end":{"line":71,"column":25}},"type":"if","locations":[{"start":{"line":67,"column":31},"end":{"line":71,"column":25}},{"start":{"line":67,"column":31},"end":{"line":71,"column":25}}],"line":67}},"s":{"0":0,"1":0,"2":0,"3":0,"4":0,"5":0,"6":0,"7":0,"8":0,"9":0,"10":0,"11":0,"12":0,"13":0,"14":0,"15":0,"16":0,"17":0,"18":0,"19":0,"20":0,"21":0,"22":0,"23":0,"24":0,"25":0,"26":0,"27":0,"28":0,"29":0,"30":0,"31":0,"32":0,"33":0,"34":0,"35":0,"36":0,"37":0,"38":0,"39":0,"40":0,"41":0,"42":0,"43":0,"44":0,"45":0,"46":0,"47":0,"48":0,"49":0,"50":0},"f":{"0":0,"1":0,"2":0,"3":0,"4":0,"5":0,"6":0,"7":0,"8":0,"9":0,"10":0},"b":{"0":[0,0],"1":[0,0],"2":[0,0],"3":[0,0],"4":[0,0]},"hash":"711646f3a4b5cb6150249cdfbbae2a8e3ddf16e4"}
,"E:\\jenius\\jenius_rio\\src\\component\\contact\\updateContact\\updateContact.js": {"path":"E:\\jenius\\jenius_rio\\src\\component\\contact\\updateContact\\updateContact.js","statementMap":{"0":{"start":{"line":13,"column":12},"end":{"line":13,"column":153}},"1":{"start":{"line":15,"column":25},"end":{"line":27,"column":5}},"2":{"start":{"line":16,"column":8},"end":{"line":26,"column":9}},"3":{"start":{"line":17,"column":12},"end":{"line":23,"column":14}},"4":{"start":{"line":25,"column":12},"end":{"line":25,"column":28}},"5":{"start":{"line":29,"column":22},"end":{"line":109,"column":5}},"6":{"start":{"line":30,"column":8},"end":{"line":107,"column":9}},"7":{"start":{"line":31,"column":12},"end":{"line":104,"column":18}},"8":{"start":{"line":36,"column":20},"end":{"line":36,"column":52}},"9":{"start":{"line":37,"column":20},"end":{"line":103,"column":21}},"10":{"start":{"line":38,"column":38},"end":{"line":43,"column":25}},"11":{"start":{"line":44,"column":41},"end":{"line":44,"column":107}},"12":{"start":{"line":45,"column":24},"end":{"line":56,"column":25}},"13":{"start":{"line":46,"column":28},"end":{"line":46,"column":65}},"14":{"start":{"line":47,"column":28},"end":{"line":47,"column":49}},"15":{"start":{"line":48,"column":31},"end":{"line":56,"column":25}},"16":{"start":{"line":49,"column":28},"end":{"line":49,"column":49}},"17":{"start":{"line":50,"column":31},"end":{"line":56,"column":25}},"18":{"start":{"line":51,"column":28},"end":{"line":51,"column":49}},"19":{"start":{"line":52,"column":31},"end":{"line":56,"column":25}},"20":{"start":{"line":53,"column":28},"end":{"line":53,"column":49}},"21":{"start":{"line":55,"column":28},"end":{"line":55,"column":46}},"22":{"start":{"line":58,"column":24},"end":{"line":102,"column":25}},"23":{"start":{"line":59,"column":46},"end":{"line":59,"column":56}},"24":{"start":{"line":60,"column":28},"end":{"line":99,"column":30}},"25":{"start":{"line":63,"column":53},"end":{"line":65,"column":37}},"26":{"start":{"line":66,"column":36},"end":{"line":66,"column":64}},"27":{"start":{"line":69,"column":36},"end":{"line":69,"column":55}},"28":{"start":{"line":72,"column":36},"end":{"line":97,"column":43}},"29":{"start":{"line":77,"column":44},"end":{"line":77,"column":67}},"30":{"start":{"line":78,"column":58},"end":{"line":83,"column":45}},"31":{"start":{"line":84,"column":61},"end":{"line":84,"column":127}},"32":{"start":{"line":85,"column":44},"end":{"line":96,"column":45}},"33":{"start":{"line":86,"column":48},"end":{"line":86,"column":85}},"34":{"start":{"line":87,"column":48},"end":{"line":87,"column":69}},"35":{"start":{"line":88,"column":51},"end":{"line":96,"column":45}},"36":{"start":{"line":89,"column":48},"end":{"line":89,"column":69}},"37":{"start":{"line":90,"column":51},"end":{"line":96,"column":45}},"38":{"start":{"line":91,"column":48},"end":{"line":91,"column":69}},"39":{"start":{"line":92,"column":51},"end":{"line":96,"column":45}},"40":{"start":{"line":93,"column":48},"end":{"line":93,"column":69}},"41":{"start":{"line":95,"column":48},"end":{"line":95,"column":66}},"42":{"start":{"line":101,"column":28},"end":{"line":101,"column":53}},"43":{"start":{"line":106,"column":12},"end":{"line":106,"column":30}},"44":{"start":{"line":108,"column":8},"end":{"line":108,"column":41}},"45":{"start":{"line":111,"column":20},"end":{"line":117,"column":5}},"46":{"start":{"line":112,"column":8},"end":{"line":116,"column":9}},"47":{"start":{"line":113,"column":12},"end":{"line":113,"column":30}},"48":{"start":{"line":115,"column":12},"end":{"line":115,"column":28}},"49":{"start":{"line":119,"column":24},"end":{"line":125,"column":5}},"50":{"start":{"line":120,"column":8},"end":{"line":124,"column":9}},"51":{"start":{"line":121,"column":12},"end":{"line":121,"column":60}},"52":{"start":{"line":123,"column":12},"end":{"line":123,"column":28}},"53":{"start":{"line":127,"column":23},"end":{"line":133,"column":5}},"54":{"start":{"line":128,"column":8},"end":{"line":132,"column":9}},"55":{"start":{"line":129,"column":12},"end":{"line":129,"column":59}},"56":{"start":{"line":131,"column":12},"end":{"line":131,"column":28}},"57":{"start":{"line":135,"column":18},"end":{"line":141,"column":5}},"58":{"start":{"line":136,"column":8},"end":{"line":140,"column":9}},"59":{"start":{"line":137,"column":12},"end":{"line":137,"column":54}},"60":{"start":{"line":139,"column":12},"end":{"line":139,"column":28}},"61":{"start":{"line":143,"column":20},"end":{"line":149,"column":5}},"62":{"start":{"line":144,"column":8},"end":{"line":148,"column":9}},"63":{"start":{"line":145,"column":12},"end":{"line":145,"column":56}},"64":{"start":{"line":147,"column":12},"end":{"line":147,"column":28}},"65":{"start":{"line":152,"column":20},"end":{"line":177,"column":5}},"66":{"start":{"line":153,"column":8},"end":{"line":176,"column":9}},"67":{"start":{"line":154,"column":12},"end":{"line":156,"column":14}},"68":{"start":{"line":157,"column":27},"end":{"line":157,"column":43}},"69":{"start":{"line":158,"column":12},"end":{"line":162,"column":13}},"70":{"start":{"line":159,"column":16},"end":{"line":161,"column":18}},"71":{"start":{"line":163,"column":12},"end":{"line":173,"column":13}},"72":{"start":{"line":164,"column":16},"end":{"line":164,"column":55}},"73":{"start":{"line":165,"column":16},"end":{"line":167,"column":18}},"74":{"start":{"line":170,"column":16},"end":{"line":172,"column":18}},"75":{"start":{"line":175,"column":12},"end":{"line":175,"column":30}},"76":{"start":{"line":180,"column":8},"end":{"line":211,"column":9}},"77":{"start":{"line":181,"column":12},"end":{"line":185,"column":13}},"78":{"start":{"line":187,"column":12},"end":{"line":210,"column":13}},"79":{"start":{"line":216,"column":24},"end":{"line":220,"column":1}},"80":{"start":{"line":217,"column":4},"end":{"line":219,"column":6}}},"fnMap":{"0":{"name":"(anonymous_0)","decl":{"start":{"line":15,"column":25},"end":{"line":15,"column":26}},"loc":{"start":{"line":15,"column":31},"end":{"line":27,"column":5}},"line":15},"1":{"name":"(anonymous_1)","decl":{"start":{"line":29,"column":22},"end":{"line":29,"column":23}},"loc":{"start":{"line":29,"column":34},"end":{"line":109,"column":5}},"line":29},"2":{"name":"(anonymous_2)","decl":{"start":{"line":35,"column":22},"end":{"line":35,"column":23}},"loc":{"start":{"line":35,"column":42},"end":{"line":104,"column":17}},"line":35},"3":{"name":"(anonymous_3)","decl":{"start":{"line":62,"column":32},"end":{"line":62,"column":33}},"loc":{"start":{"line":62,"column":44},"end":{"line":67,"column":33}},"line":62},"4":{"name":"(anonymous_4)","decl":{"start":{"line":68,"column":32},"end":{"line":68,"column":33}},"loc":{"start":{"line":68,"column":41},"end":{"line":70,"column":33}},"line":68},"5":{"name":"(anonymous_5)","decl":{"start":{"line":71,"column":32},"end":{"line":71,"column":33}},"loc":{"start":{"line":71,"column":38},"end":{"line":98,"column":33}},"line":71},"6":{"name":"(anonymous_6)","decl":{"start":{"line":76,"column":46},"end":{"line":76,"column":47}},"loc":{"start":{"line":76,"column":59},"end":{"line":97,"column":41}},"line":76},"7":{"name":"(anonymous_7)","decl":{"start":{"line":111,"column":20},"end":{"line":111,"column":21}},"loc":{"start":{"line":111,"column":26},"end":{"line":117,"column":5}},"line":111},"8":{"name":"(anonymous_8)","decl":{"start":{"line":119,"column":24},"end":{"line":119,"column":25}},"loc":{"start":{"line":119,"column":35},"end":{"line":125,"column":5}},"line":119},"9":{"name":"(anonymous_9)","decl":{"start":{"line":127,"column":23},"end":{"line":127,"column":24}},"loc":{"start":{"line":127,"column":34},"end":{"line":133,"column":5}},"line":127},"10":{"name":"(anonymous_10)","decl":{"start":{"line":135,"column":18},"end":{"line":135,"column":19}},"loc":{"start":{"line":135,"column":29},"end":{"line":141,"column":5}},"line":135},"11":{"name":"(anonymous_11)","decl":{"start":{"line":143,"column":20},"end":{"line":143,"column":21}},"loc":{"start":{"line":143,"column":31},"end":{"line":149,"column":5}},"line":143},"12":{"name":"(anonymous_12)","decl":{"start":{"line":152,"column":20},"end":{"line":152,"column":21}},"loc":{"start":{"line":152,"column":37},"end":{"line":177,"column":5}},"line":152},"13":{"name":"(anonymous_13)","decl":{"start":{"line":158,"column":31},"end":{"line":158,"column":32}},"loc":{"start":{"line":158,"column":37},"end":{"line":162,"column":13}},"line":158},"14":{"name":"(anonymous_14)","decl":{"start":{"line":179,"column":4},"end":{"line":179,"column":5}},"loc":{"start":{"line":179,"column":13},"end":{"line":212,"column":5}},"line":179},"15":{"name":"(anonymous_15)","decl":{"start":{"line":216,"column":24},"end":{"line":216,"column":25}},"loc":{"start":{"line":216,"column":35},"end":{"line":220,"column":1}},"line":216}},"branchMap":{"0":{"loc":{"start":{"line":37,"column":20},"end":{"line":103,"column":21}},"type":"if","locations":[{"start":{"line":37,"column":20},"end":{"line":103,"column":21}},{"start":{"line":37,"column":20},"end":{"line":103,"column":21}}],"line":37},"1":{"loc":{"start":{"line":45,"column":24},"end":{"line":56,"column":25}},"type":"if","locations":[{"start":{"line":45,"column":24},"end":{"line":56,"column":25}},{"start":{"line":45,"column":24},"end":{"line":56,"column":25}}],"line":45},"2":{"loc":{"start":{"line":48,"column":31},"end":{"line":56,"column":25}},"type":"if","locations":[{"start":{"line":48,"column":31},"end":{"line":56,"column":25}},{"start":{"line":48,"column":31},"end":{"line":56,"column":25}}],"line":48},"3":{"loc":{"start":{"line":50,"column":31},"end":{"line":56,"column":25}},"type":"if","locations":[{"start":{"line":50,"column":31},"end":{"line":56,"column":25}},{"start":{"line":50,"column":31},"end":{"line":56,"column":25}}],"line":50},"4":{"loc":{"start":{"line":52,"column":31},"end":{"line":56,"column":25}},"type":"if","locations":[{"start":{"line":52,"column":31},"end":{"line":56,"column":25}},{"start":{"line":52,"column":31},"end":{"line":56,"column":25}}],"line":52},"5":{"loc":{"start":{"line":58,"column":24},"end":{"line":102,"column":25}},"type":"if","locations":[{"start":{"line":58,"column":24},"end":{"line":102,"column":25}},{"start":{"line":58,"column":24},"end":{"line":102,"column":25}}],"line":58},"6":{"loc":{"start":{"line":85,"column":44},"end":{"line":96,"column":45}},"type":"if","locations":[{"start":{"line":85,"column":44},"end":{"line":96,"column":45}},{"start":{"line":85,"column":44},"end":{"line":96,"column":45}}],"line":85},"7":{"loc":{"start":{"line":88,"column":51},"end":{"line":96,"column":45}},"type":"if","locations":[{"start":{"line":88,"column":51},"end":{"line":96,"column":45}},{"start":{"line":88,"column":51},"end":{"line":96,"column":45}}],"line":88},"8":{"loc":{"start":{"line":90,"column":51},"end":{"line":96,"column":45}},"type":"if","locations":[{"start":{"line":90,"column":51},"end":{"line":96,"column":45}},{"start":{"line":90,"column":51},"end":{"line":96,"column":45}}],"line":90},"9":{"loc":{"start":{"line":92,"column":51},"end":{"line":96,"column":45}},"type":"if","locations":[{"start":{"line":92,"column":51},"end":{"line":96,"column":45}},{"start":{"line":92,"column":51},"end":{"line":96,"column":45}}],"line":92},"10":{"loc":{"start":{"line":163,"column":12},"end":{"line":173,"column":13}},"type":"if","locations":[{"start":{"line":163,"column":12},"end":{"line":173,"column":13}},{"start":{"line":163,"column":12},"end":{"line":173,"column":13}}],"line":163},"11":{"loc":{"start":{"line":180,"column":8},"end":{"line":211,"column":9}},"type":"if","locations":[{"start":{"line":180,"column":8},"end":{"line":211,"column":9}},{"start":{"line":180,"column":8},"end":{"line":211,"column":9}}],"line":180}},"s":{"0":0,"1":0,"2":0,"3":0,"4":0,"5":0,"6":0,"7":0,"8":0,"9":0,"10":0,"11":0,"12":0,"13":0,"14":0,"15":0,"16":0,"17":0,"18":0,"19":0,"20":0,"21":0,"22":0,"23":0,"24":0,"25":0,"26":0,"27":0,"28":0,"29":0,"30":0,"31":0,"32":0,"33":0,"34":0,"35":0,"36":0,"37":0,"38":0,"39":0,"40":0,"41":0,"42":0,"43":0,"44":0,"45":0,"46":0,"47":0,"48":0,"49":0,"50":0,"51":0,"52":0,"53":0,"54":0,"55":0,"56":0,"57":0,"58":0,"59":0,"60":0,"61":0,"62":0,"63":0,"64":0,"65":0,"66":0,"67":0,"68":0,"69":0,"70":0,"71":0,"72":0,"73":0,"74":0,"75":0,"76":0,"77":0,"78":0,"79":0,"80":0},"f":{"0":0,"1":0,"2":0,"3":0,"4":0,"5":0,"6":0,"7":0,"8":0,"9":0,"10":0,"11":0,"12":0,"13":0,"14":0,"15":0},"b":{"0":[0,0],"1":[0,0],"2":[0,0],"3":[0,0],"4":[0,0],"5":[0,0],"6":[0,0],"7":[0,0],"8":[0,0],"9":[0,0],"10":[0,0],"11":[0,0]},"hash":"ed78ebc34524cb44f8c53d99d330969482832b70"}
,"E:\\jenius\\jenius_rio\\src\\component\\dashboard\\dashboard.js": {"path":"E:\\jenius\\jenius_rio\\src\\component\\dashboard\\dashboard.js","statementMap":{"0":{"start":{"line":8,"column":14},"end":{"line":10,"column":3}},"1":{"start":{"line":9,"column":4},"end":{"line":9,"column":25}},"2":{"start":{"line":13,"column":4},"end":{"line":48,"column":5}}},"fnMap":{"0":{"name":"(anonymous_0)","decl":{"start":{"line":8,"column":14},"end":{"line":8,"column":15}},"loc":{"start":{"line":8,"column":20},"end":{"line":10,"column":3}},"line":8},"1":{"name":"(anonymous_1)","decl":{"start":{"line":12,"column":2},"end":{"line":12,"column":3}},"loc":{"start":{"line":12,"column":11},"end":{"line":49,"column":3}},"line":12},"2":{"name":"(anonymous_2)","decl":{"start":{"line":31,"column":27},"end":{"line":31,"column":28}},"loc":{"start":{"line":31,"column":37},"end":{"line":31,"column":40}},"line":31},"3":{"name":"(anonymous_3)","decl":{"start":{"line":34,"column":29},"end":{"line":34,"column":30}},"loc":{"start":{"line":34,"column":43},"end":{"line":34,"column":46}},"line":34},"4":{"name":"(anonymous_4)","decl":{"start":{"line":40,"column":27},"end":{"line":40,"column":28}},"loc":{"start":{"line":40,"column":37},"end":{"line":40,"column":40}},"line":40}},"branchMap":{},"s":{"0":0,"1":0,"2":0},"f":{"0":0,"1":0,"2":0,"3":0,"4":0},"b":{},"hash":"f15946d1f85f844088570a0853f95dc3d3b43fd1"}
,"E:\\jenius\\jenius_rio\\src\\component\\error\\400.js": {"path":"E:\\jenius\\jenius_rio\\src\\component\\error\\400.js","statementMap":{"0":{"start":{"line":7,"column":8},"end":{"line":18,"column":9}}},"fnMap":{"0":{"name":"(anonymous_0)","decl":{"start":{"line":6,"column":4},"end":{"line":6,"column":5}},"loc":{"start":{"line":6,"column":13},"end":{"line":19,"column":5}},"line":6}},"branchMap":{},"s":{"0":0},"f":{"0":0},"b":{},"hash":"9fae49c68e092016458c2833a22d3b25f54702ce"}
,"E:\\jenius\\jenius_rio\\src\\component\\error\\404.js": {"path":"E:\\jenius\\jenius_rio\\src\\component\\error\\404.js","statementMap":{"0":{"start":{"line":7,"column":8},"end":{"line":18,"column":9}}},"fnMap":{"0":{"name":"(anonymous_0)","decl":{"start":{"line":6,"column":4},"end":{"line":6,"column":5}},"loc":{"start":{"line":6,"column":13},"end":{"line":19,"column":5}},"line":6}},"branchMap":{},"s":{"0":0},"f":{"0":0},"b":{},"hash":"3c3e36daf6de9db7c1339e42ac0bbb2e1da1c234"}
,"E:\\jenius\\jenius_rio\\src\\component\\error\\505.js": {"path":"E:\\jenius\\jenius_rio\\src\\component\\error\\505.js","statementMap":{"0":{"start":{"line":7,"column":8},"end":{"line":18,"column":9}}},"fnMap":{"0":{"name":"(anonymous_0)","decl":{"start":{"line":6,"column":4},"end":{"line":6,"column":5}},"loc":{"start":{"line":6,"column":13},"end":{"line":19,"column":5}},"line":6}},"branchMap":{},"s":{"0":0},"f":{"0":0},"b":{},"hash":"f7d70df7cc62c240cbbcdca66a11835797405932"}
,"E:\\jenius\\jenius_rio\\src\\component\\error\\all.js": {"path":"E:\\jenius\\jenius_rio\\src\\component\\error\\all.js","statementMap":{"0":{"start":{"line":7,"column":8},"end":{"line":17,"column":9}}},"fnMap":{"0":{"name":"(anonymous_0)","decl":{"start":{"line":6,"column":4},"end":{"line":6,"column":5}},"loc":{"start":{"line":6,"column":13},"end":{"line":18,"column":5}},"line":6}},"branchMap":{},"s":{"0":0},"f":{"0":0},"b":{},"hash":"ba4cca7e51b19e6a4ed15d920c0c7b249d84b267"}
,"E:\\jenius\\jenius_rio\\src\\component\\footer\\footer.js": {"path":"E:\\jenius\\jenius_rio\\src\\component\\footer\\footer.js","statementMap":{"0":{"start":{"line":9,"column":8},"end":{"line":15,"column":9}}},"fnMap":{"0":{"name":"(anonymous_0)","decl":{"start":{"line":8,"column":4},"end":{"line":8,"column":5}},"loc":{"start":{"line":8,"column":13},"end":{"line":16,"column":5}},"line":8}},"branchMap":{},"s":{"0":0},"f":{"0":0},"b":{},"hash":"8622f25e992cd35097e507b527abb8ef42df085e"}
,"E:\\jenius\\jenius_rio\\src\\component\\landingPage\\landingPage.js": {"path":"E:\\jenius\\jenius_rio\\src\\component\\landingPage\\landingPage.js","statementMap":{"0":{"start":{"line":22,"column":14},"end":{"line":33,"column":1}},"1":{"start":{"line":35,"column":15},"end":{"line":47,"column":1}},"2":{"start":{"line":36,"column":4},"end":{"line":46,"column":6}},"3":{"start":{"line":50,"column":12},"end":{"line":56,"column":5}},"4":{"start":{"line":58,"column":21},"end":{"line":64,"column":5}},"5":{"start":{"line":59,"column":8},"end":{"line":63,"column":9}},"6":{"start":{"line":60,"column":12},"end":{"line":60,"column":59}},"7":{"start":{"line":62,"column":12},"end":{"line":62,"column":28}},"8":{"start":{"line":66,"column":23},"end":{"line":72,"column":5}},"9":{"start":{"line":67,"column":8},"end":{"line":71,"column":9}},"10":{"start":{"line":68,"column":12},"end":{"line":68,"column":63}},"11":{"start":{"line":70,"column":12},"end":{"line":70,"column":28}},"12":{"start":{"line":74,"column":20},"end":{"line":90,"column":5}},"13":{"start":{"line":75,"column":8},"end":{"line":75,"column":31}},"14":{"start":{"line":76,"column":8},"end":{"line":89,"column":9}},"15":{"start":{"line":77,"column":12},"end":{"line":86,"column":19}},"16":{"start":{"line":82,"column":20},"end":{"line":85,"column":21}},"17":{"start":{"line":83,"column":24},"end":{"line":83,"column":58}},"18":{"start":{"line":84,"column":24},"end":{"line":84,"column":44}},"19":{"start":{"line":88,"column":12},"end":{"line":88,"column":30}},"20":{"start":{"line":92,"column":14},"end":{"line":100,"column":5}},"21":{"start":{"line":93,"column":8},"end":{"line":99,"column":9}},"22":{"start":{"line":94,"column":12},"end":{"line":96,"column":14}},"23":{"start":{"line":98,"column":12},"end":{"line":98,"column":28}},"24":{"start":{"line":102,"column":17},"end":{"line":110,"column":5}},"25":{"start":{"line":103,"column":8},"end":{"line":109,"column":9}},"26":{"start":{"line":104,"column":12},"end":{"line":106,"column":14}},"27":{"start":{"line":108,"column":12},"end":{"line":108,"column":28}},"28":{"start":{"line":112,"column":17},"end":{"line":120,"column":5}},"29":{"start":{"line":113,"column":8},"end":{"line":119,"column":9}},"30":{"start":{"line":114,"column":12},"end":{"line":116,"column":14}},"31":{"start":{"line":118,"column":12},"end":{"line":118,"column":28}},"32":{"start":{"line":122,"column":17},"end":{"line":130,"column":5}},"33":{"start":{"line":123,"column":8},"end":{"line":129,"column":9}},"34":{"start":{"line":124,"column":12},"end":{"line":126,"column":14}},"35":{"start":{"line":128,"column":12},"end":{"line":128,"column":28}},"36":{"start":{"line":132,"column":19},"end":{"line":138,"column":5}},"37":{"start":{"line":133,"column":8},"end":{"line":137,"column":9}},"38":{"start":{"line":134,"column":12},"end":{"line":134,"column":45}},"39":{"start":{"line":136,"column":12},"end":{"line":136,"column":28}},"40":{"start":{"line":140,"column":18},"end":{"line":143,"column":5}},"41":{"start":{"line":141,"column":8},"end":{"line":141,"column":46}},"42":{"start":{"line":142,"column":8},"end":{"line":142,"column":45}},"43":{"start":{"line":145,"column":16},"end":{"line":148,"column":5}},"44":{"start":{"line":146,"column":8},"end":{"line":146,"column":44}},"45":{"start":{"line":147,"column":8},"end":{"line":147,"column":45}},"46":{"start":{"line":151,"column":32},"end":{"line":151,"column":42}},"47":{"start":{"line":152,"column":8},"end":{"line":244,"column":10}},"48":{"start":{"line":156,"column":24},"end":{"line":240,"column":30}},"49":{"start":{"line":159,"column":51},"end":{"line":159,"column":120}},"50":{"start":{"line":159,"column":79},"end":{"line":159,"column":118}},"51":{"start":{"line":201,"column":67},"end":{"line":201,"column":104}},"52":{"start":{"line":248,"column":27},"end":{"line":250,"column":1}}},"fnMap":{"0":{"name":"(anonymous_0)","decl":{"start":{"line":35,"column":15},"end":{"line":35,"column":16}},"loc":{"start":{"line":36,"column":4},"end":{"line":46,"column":6}},"line":36},"1":{"name":"(anonymous_1)","decl":{"start":{"line":58,"column":21},"end":{"line":58,"column":22}},"loc":{"start":{"line":58,"column":27},"end":{"line":64,"column":5}},"line":58},"2":{"name":"(anonymous_2)","decl":{"start":{"line":66,"column":23},"end":{"line":66,"column":24}},"loc":{"start":{"line":66,"column":29},"end":{"line":72,"column":5}},"line":66},"3":{"name":"(anonymous_3)","decl":{"start":{"line":74,"column":20},"end":{"line":74,"column":21}},"loc":{"start":{"line":74,"column":31},"end":{"line":90,"column":5}},"line":74},"4":{"name":"(anonymous_4)","decl":{"start":{"line":81,"column":22},"end":{"line":81,"column":23}},"loc":{"start":{"line":81,"column":42},"end":{"line":86,"column":17}},"line":81},"5":{"name":"(anonymous_5)","decl":{"start":{"line":92,"column":14},"end":{"line":92,"column":15}},"loc":{"start":{"line":92,"column":20},"end":{"line":100,"column":5}},"line":92},"6":{"name":"(anonymous_6)","decl":{"start":{"line":102,"column":17},"end":{"line":102,"column":18}},"loc":{"start":{"line":102,"column":23},"end":{"line":110,"column":5}},"line":102},"7":{"name":"(anonymous_7)","decl":{"start":{"line":112,"column":17},"end":{"line":112,"column":18}},"loc":{"start":{"line":112,"column":23},"end":{"line":120,"column":5}},"line":112},"8":{"name":"(anonymous_8)","decl":{"start":{"line":122,"column":17},"end":{"line":122,"column":18}},"loc":{"start":{"line":122,"column":23},"end":{"line":130,"column":5}},"line":122},"9":{"name":"(anonymous_9)","decl":{"start":{"line":132,"column":19},"end":{"line":132,"column":20}},"loc":{"start":{"line":132,"column":25},"end":{"line":138,"column":5}},"line":132},"10":{"name":"(anonymous_10)","decl":{"start":{"line":140,"column":18},"end":{"line":140,"column":19}},"loc":{"start":{"line":140,"column":24},"end":{"line":143,"column":5}},"line":140},"11":{"name":"(anonymous_11)","decl":{"start":{"line":145,"column":16},"end":{"line":145,"column":17}},"loc":{"start":{"line":145,"column":22},"end":{"line":148,"column":5}},"line":145},"12":{"name":"(anonymous_12)","decl":{"start":{"line":150,"column":4},"end":{"line":150,"column":5}},"loc":{"start":{"line":150,"column":13},"end":{"line":245,"column":5}},"line":150},"13":{"name":"(anonymous_13)","decl":{"start":{"line":155,"column":21},"end":{"line":155,"column":22}},"loc":{"start":{"line":156,"column":24},"end":{"line":240,"column":30}},"line":156},"14":{"name":"(anonymous_14)","decl":{"start":{"line":159,"column":45},"end":{"line":159,"column":46}},"loc":{"start":{"line":159,"column":51},"end":{"line":159,"column":120}},"line":159},"15":{"name":"(anonymous_15)","decl":{"start":{"line":159,"column":65},"end":{"line":159,"column":66}},"loc":{"start":{"line":159,"column":79},"end":{"line":159,"column":118}},"line":159},"16":{"name":"(anonymous_16)","decl":{"start":{"line":201,"column":61},"end":{"line":201,"column":62}},"loc":{"start":{"line":201,"column":67},"end":{"line":201,"column":104}},"line":201}},"branchMap":{"0":{"loc":{"start":{"line":82,"column":20},"end":{"line":85,"column":21}},"type":"if","locations":[{"start":{"line":82,"column":20},"end":{"line":85,"column":21}},{"start":{"line":82,"column":20},"end":{"line":85,"column":21}}],"line":82},"1":{"loc":{"start":{"line":159,"column":141},"end":{"line":159,"column":190}},"type":"cond-expr","locations":[{"start":{"line":159,"column":177},"end":{"line":159,"column":185}},{"start":{"line":159,"column":188},"end":{"line":159,"column":190}}],"line":159},"2":{"loc":{"start":{"line":159,"column":193},"end":{"line":159,"column":241}},"type":"cond-expr","locations":[{"start":{"line":159,"column":227},"end":{"line":159,"column":236}},{"start":{"line":159,"column":239},"end":{"line":159,"column":241}}],"line":159},"3":{"loc":{"start":{"line":165,"column":33},"end":{"line":227,"column":37}},"type":"cond-expr","locations":[{"start":{"line":166,"column":36},"end":{"line":189,"column":50}},{"start":{"line":191,"column":40},"end":{"line":226,"column":48}}],"line":165},"4":{"loc":{"start":{"line":165,"column":34},"end":{"line":165,"column":66}},"type":"binary-expr","locations":[{"start":{"line":165,"column":34},"end":{"line":165,"column":46}},{"start":{"line":165,"column":50},"end":{"line":165,"column":66}}],"line":165},"5":{"loc":{"start":{"line":228,"column":33},"end":{"line":230,"column":40}},"type":"cond-expr","locations":[{"start":{"line":229,"column":36},"end":{"line":229,"column":75}},{"start":{"line":230,"column":38},"end":{"line":230,"column":40}}],"line":228},"6":{"loc":{"start":{"line":231,"column":33},"end":{"line":237,"column":40}},"type":"cond-expr","locations":[{"start":{"line":232,"column":36},"end":{"line":236,"column":69}},{"start":{"line":237,"column":38},"end":{"line":237,"column":40}}],"line":231}},"s":{"0":0,"1":0,"2":0,"3":0,"4":0,"5":0,"6":0,"7":0,"8":0,"9":0,"10":0,"11":0,"12":0,"13":0,"14":0,"15":0,"16":0,"17":0,"18":0,"19":0,"20":0,"21":0,"22":0,"23":0,"24":0,"25":0,"26":0,"27":0,"28":0,"29":0,"30":0,"31":0,"32":0,"33":0,"34":0,"35":0,"36":0,"37":0,"38":0,"39":0,"40":0,"41":0,"42":0,"43":0,"44":0,"45":0,"46":0,"47":0,"48":0,"49":0,"50":0,"51":0,"52":0},"f":{"0":0,"1":0,"2":0,"3":0,"4":0,"5":0,"6":0,"7":0,"8":0,"9":0,"10":0,"11":0,"12":0,"13":0,"14":0,"15":0,"16":0},"b":{"0":[0,0],"1":[0,0],"2":[0,0],"3":[0,0],"4":[0,0],"5":[0,0],"6":[0,0]},"hash":"8e038874fd89a07deb17f019c5794071ba5e1b1c"}
,"E:\\jenius\\jenius_rio\\src\\component\\login\\login.js": {"path":"E:\\jenius\\jenius_rio\\src\\component\\login\\login.js","statementMap":{"0":{"start":{"line":14,"column":12},"end":{"line":14,"column":58}},"1":{"start":{"line":16,"column":14},"end":{"line":38,"column":5}},"2":{"start":{"line":17,"column":8},"end":{"line":17,"column":31}},"3":{"start":{"line":18,"column":8},"end":{"line":20,"column":10}},"4":{"start":{"line":21,"column":8},"end":{"line":34,"column":9}},"5":{"start":{"line":22,"column":12},"end":{"line":22,"column":65}},"6":{"start":{"line":23,"column":12},"end":{"line":31,"column":13}},"7":{"start":{"line":24,"column":16},"end":{"line":24,"column":57}},"8":{"start":{"line":25,"column":16},"end":{"line":25,"column":43}},"9":{"start":{"line":26,"column":16},"end":{"line":28,"column":18}},"10":{"start":{"line":30,"column":16},"end":{"line":30,"column":55}},"11":{"start":{"line":33,"column":12},"end":{"line":33,"column":30}},"12":{"start":{"line":35,"column":8},"end":{"line":37,"column":11}},"13":{"start":{"line":40,"column":23},"end":{"line":48,"column":5}},"14":{"start":{"line":41,"column":8},"end":{"line":47,"column":9}},"15":{"start":{"line":42,"column":12},"end":{"line":44,"column":14}},"16":{"start":{"line":46,"column":12},"end":{"line":46,"column":28}},"17":{"start":{"line":50,"column":23},"end":{"line":58,"column":5}},"18":{"start":{"line":51,"column":8},"end":{"line":57,"column":9}},"19":{"start":{"line":52,"column":12},"end":{"line":54,"column":14}},"20":{"start":{"line":56,"column":12},"end":{"line":56,"column":28}},"21":{"start":{"line":61,"column":8},"end":{"line":79,"column":9}},"22":{"start":{"line":83,"column":27},"end":{"line":85,"column":1}}},"fnMap":{"0":{"name":"(anonymous_0)","decl":{"start":{"line":16,"column":14},"end":{"line":16,"column":15}},"loc":{"start":{"line":16,"column":31},"end":{"line":38,"column":5}},"line":16},"1":{"name":"(anonymous_1)","decl":{"start":{"line":40,"column":23},"end":{"line":40,"column":24}},"loc":{"start":{"line":40,"column":34},"end":{"line":48,"column":5}},"line":40},"2":{"name":"(anonymous_2)","decl":{"start":{"line":50,"column":23},"end":{"line":50,"column":24}},"loc":{"start":{"line":50,"column":34},"end":{"line":58,"column":5}},"line":50},"3":{"name":"(anonymous_3)","decl":{"start":{"line":60,"column":4},"end":{"line":60,"column":5}},"loc":{"start":{"line":60,"column":13},"end":{"line":80,"column":5}},"line":60}},"branchMap":{"0":{"loc":{"start":{"line":23,"column":12},"end":{"line":31,"column":13}},"type":"if","locations":[{"start":{"line":23,"column":12},"end":{"line":31,"column":13}},{"start":{"line":23,"column":12},"end":{"line":31,"column":13}}],"line":23},"1":{"loc":{"start":{"line":23,"column":16},"end":{"line":23,"column":82}},"type":"binary-expr","locations":[{"start":{"line":23,"column":16},"end":{"line":23,"column":47}},{"start":{"line":23,"column":51},"end":{"line":23,"column":82}}],"line":23}},"s":{"0":0,"1":0,"2":0,"3":0,"4":0,"5":0,"6":0,"7":0,"8":0,"9":0,"10":0,"11":0,"12":0,"13":0,"14":0,"15":0,"16":0,"17":0,"18":0,"19":0,"20":0,"21":0,"22":0},"f":{"0":0,"1":0,"2":0,"3":0},"b":{"0":[0,0],"1":[0,0]},"hash":"2254cd1bb8562f62b9c08ea641854199a10e08ae"}
,"E:\\jenius\\jenius_rio\\src\\firebase\\index.js": {"path":"E:\\jenius\\jenius_rio\\src\\firebase\\index.js","statementMap":{"0":{"start":{"line":4,"column":21},"end":{"line":13,"column":1}},"1":{"start":{"line":15,"column":0},"end":{"line":15,"column":39}},"2":{"start":{"line":17,"column":16},"end":{"line":17,"column":34}}},"fnMap":{},"branchMap":{},"s":{"0":0,"1":0,"2":0},"f":{},"b":{},"hash":"7682deab3112e996372a7cb0601d6bb15dfe2490"}
,"E:\\jenius\\jenius_rio\\src\\reducers\\user\\index.js": {"path":"E:\\jenius\\jenius_rio\\src\\reducers\\user\\index.js","statementMap":{"0":{"start":{"line":1,"column":33},"end":{"line":6,"column":1}},"1":{"start":{"line":2,"column":4},"end":{"line":4,"column":5}},"2":{"start":{"line":3,"column":8},"end":{"line":3,"column":30}},"3":{"start":{"line":5,"column":4},"end":{"line":5,"column":22}},"4":{"start":{"line":8,"column":36},"end":{"line":13,"column":1}},"5":{"start":{"line":9,"column":4},"end":{"line":11,"column":5}},"6":{"start":{"line":10,"column":8},"end":{"line":10,"column":30}},"7":{"start":{"line":12,"column":4},"end":{"line":12,"column":18}}},"fnMap":{"0":{"name":"(anonymous_0)","decl":{"start":{"line":1,"column":33},"end":{"line":1,"column":34}},"loc":{"start":{"line":1,"column":62},"end":{"line":6,"column":1}},"line":1},"1":{"name":"(anonymous_1)","decl":{"start":{"line":8,"column":36},"end":{"line":8,"column":37}},"loc":{"start":{"line":8,"column":64},"end":{"line":13,"column":1}},"line":8}},"branchMap":{"0":{"loc":{"start":{"line":1,"column":34},"end":{"line":1,"column":49}},"type":"default-arg","locations":[{"start":{"line":1,"column":47},"end":{"line":1,"column":49}}],"line":1},"1":{"loc":{"start":{"line":2,"column":4},"end":{"line":4,"column":5}},"type":"if","locations":[{"start":{"line":2,"column":4},"end":{"line":4,"column":5}},{"start":{"line":2,"column":4},"end":{"line":4,"column":5}}],"line":2},"2":{"loc":{"start":{"line":8,"column":37},"end":{"line":8,"column":51}},"type":"default-arg","locations":[{"start":{"line":8,"column":46},"end":{"line":8,"column":51}}],"line":8},"3":{"loc":{"start":{"line":9,"column":4},"end":{"line":11,"column":5}},"type":"if","locations":[{"start":{"line":9,"column":4},"end":{"line":11,"column":5}},{"start":{"line":9,"column":4},"end":{"line":11,"column":5}}],"line":9}},"s":{"0":1,"1":0,"2":0,"3":0,"4":1,"5":2,"6":1,"7":1},"f":{"0":0,"1":2},"b":{"0":[0],"1":[0,0],"2":[0],"3":[1,1]},"_coverageSchema":"43e27e138ebf9cfc5966b082cf9a028302ed4184","hash":"b074f04ec62a3ca8bfe2201ddb2abfe607e75d83"}
,"E:\\jenius\\jenius_rio\\src\\reducers\\user\\contact\\index.js": {"path":"E:\\jenius\\jenius_rio\\src\\reducers\\user\\contact\\index.js","statementMap":{"0":{"start":{"line":1,"column":36},"end":{"line":6,"column":1}},"1":{"start":{"line":2,"column":4},"end":{"line":4,"column":5}},"2":{"start":{"line":3,"column":8},"end":{"line":3,"column":30}},"3":{"start":{"line":5,"column":4},"end":{"line":5,"column":19}}},"fnMap":{"0":{"name":"(anonymous_0)","decl":{"start":{"line":1,"column":36},"end":{"line":1,"column":37}},"loc":{"start":{"line":1,"column":62},"end":{"line":6,"column":1}},"line":1}},"branchMap":{"0":{"loc":{"start":{"line":1,"column":37},"end":{"line":1,"column":49}},"type":"default-arg","locations":[{"start":{"line":1,"column":47},"end":{"line":1,"column":49}}],"line":1},"1":{"loc":{"start":{"line":2,"column":4},"end":{"line":4,"column":5}},"type":"if","locations":[{"start":{"line":2,"column":4},"end":{"line":4,"column":5}},{"start":{"line":2,"column":4},"end":{"line":4,"column":5}}],"line":2}},"s":{"0":0,"1":0,"2":0,"3":0},"f":{"0":0},"b":{"0":[0],"1":[0,0]},"hash":"c7d4694b7450155f0daae213d4a408ef2f39f3f4"}
,"E:\\jenius\\jenius_rio\\src\\store\\configureStore.js": {"path":"E:\\jenius\\jenius_rio\\src\\store\\configureStore.js","statementMap":{"0":{"start":{"line":8,"column":18},"end":{"line":10,"column":2}},"1":{"start":{"line":12,"column":15},"end":{"line":18,"column":1}},"2":{"start":{"line":20,"column":19},"end":{"line":24,"column":2}},"3":{"start":{"line":25,"column":20},"end":{"line":30,"column":1}},"4":{"start":{"line":26,"column":4},"end":{"line":28,"column":5}},"5":{"start":{"line":27,"column":8},"end":{"line":27,"column":26}},"6":{"start":{"line":29,"column":4},"end":{"line":29,"column":37}},"7":{"start":{"line":32,"column":25},"end":{"line":32,"column":60}},"8":{"start":{"line":35,"column":19},"end":{"line":35,"column":48}},"9":{"start":{"line":36,"column":23},"end":{"line":36,"column":45}},"10":{"start":{"line":37,"column":4},"end":{"line":39,"column":5}}},"fnMap":{"0":{"name":"(anonymous_0)","decl":{"start":{"line":25,"column":20},"end":{"line":25,"column":21}},"loc":{"start":{"line":25,"column":39},"end":{"line":30,"column":1}},"line":25},"1":{"name":"(anonymous_1)","decl":{"start":{"line":34,"column":15},"end":{"line":34,"column":16}},"loc":{"start":{"line":34,"column":21},"end":{"line":40,"column":1}},"line":34}},"branchMap":{"0":{"loc":{"start":{"line":26,"column":4},"end":{"line":28,"column":5}},"type":"if","locations":[{"start":{"line":26,"column":4},"end":{"line":28,"column":5}},{"start":{"line":26,"column":4},"end":{"line":28,"column":5}}],"line":26}},"s":{"0":0,"1":0,"2":0,"3":0,"4":0,"5":0,"6":0,"7":0,"8":0,"9":0,"10":0},"f":{"0":0,"1":0},"b":{"0":[0,0]},"hash":"123e6e7e314bf8ddc018a5dbc221c96c078697aa"}
}
